#
# There is insufficient memory for the Java Runtime Environment to continue.
# Cannot create GC thread. Out of system resources.
# Possible reasons:
#   The system is out of physical RAM or swap space
#   In 32 bit mode, the process size limit was hit
# Possible solutions:
#   Reduce memory load on the system
#   Increase physical memory or swap space
#   Check if swap backing store is full
#   Use 64 bit Java on a 64 bit OS
#   Decrease Java heap size (-Xmx/-Xms)
#   Decrease number of Java threads
#   Decrease Java thread stack sizes (-Xss)
#   Set larger code cache with -XX:ReservedCodeCacheSize=
# This output file may be truncated or incomplete.
#
#  Out of Memory Error (gcTaskThread.cpp:48), pid=60182, tid=0x00007efed397e700
#
# JRE version:  (8.0_191-b12) (build )
# Java VM: OpenJDK 64-Bit Server VM (25.191-b12 mixed mode linux-amd64 compressed oops)
# Failed to write core dump. Core dumps have been disabled. To enable core dumping, try "ulimit -c unlimited" before starting Java again
#

---------------  T H R E A D  ---------------

Current thread (0x00007efecc00b000):  JavaThread "Unknown thread" [_thread_in_vm, id=60240, stack(0x00007efed387e000,0x00007efed397f000)]

Stack: [0x00007efed387e000,0x00007efed397f000],  sp=0x00007efed397d800,  free space=1022k
Native frames: (J=compiled Java code, j=interpreted, Vv=VM code, C=native code)
V  [libjvm.so+0xa742ab]
V  [libjvm.so+0x4c8f4c]
V  [libjvm.so+0x5ab6ef]
V  [libjvm.so+0x5aa857]
V  [libjvm.so+0x8e6859]
V  [libjvm.so+0xa37809]
V  [libjvm.so+0xa37a52]
V  [libjvm.so+0x61449f]
V  [libjvm.so+0xa1cdfa]
V  [libjvm.so+0x68e092]  JNI_CreateJavaVM+0x62
C  [libjli.so+0x2f2e]
C  [libjli.so+0x74ed]
C  [libpthread.so.0+0x76ba]  start_thread+0xca


---------------  P R O C E S S  ---------------

Java Threads: ( => current thread )

Other Threads:

=>0x00007efecc00b000 (exited) JavaThread "Unknown thread" [_thread_in_vm, id=60240, stack(0x00007efed387e000,0x00007efed397f000)]

VM state:not at safepoint (not fully initialized)

VM Mutex/Monitor currently owned by a thread: None

GC Heap History (0 events):
No events

Deoptimization events (0 events):
No events

Classes redefined (0 events):
No events

Internal exceptions (0 events):
No events

Events (0 events):
No events


Dynamic libraries:
00400000-00401000 r-xp 00000000 08:01 385084                             /usr/lib/jvm/java-8-openjdk-amd64/jre/bin/java
00600000-00601000 r--p 00000000 08:01 385084                             /usr/lib/jvm/java-8-openjdk-amd64/jre/bin/java
00601000-00602000 rw-p 00001000 08:01 385084                             /usr/lib/jvm/java-8-openjdk-amd64/jre/bin/java
016be000-016df000 rw-p 00000000 00:00 0                                  [heap]
3d5200000-3fef80000 rw-p 00000000 00:00 0 
3fef80000-671b80000 ---p 00000000 00:00 0 
671b80000-686a00000 rw-p 00000000 00:00 0 
686a00000-7c0000000 ---p 00000000 00:00 0 
7efeb93ff000-7efeb9400000 ---p 00000000 00:00 0 
7efeb9400000-7efeb9500000 rw-p 00000000 00:00 0 
7efeb9500000-7efeb9501000 ---p 00000000 00:00 0 
7efeb9501000-7efeb9601000 rw-p 00000000 00:00 0 
7efeb9601000-7efeb9602000 ---p 00000000 00:00 0 
7efeb9602000-7efeb9702000 rw-p 00000000 00:00 0 
7efeb9702000-7efeb9703000 ---p 00000000 00:00 0 
7efeb9703000-7efeb9952000 rw-p 00000000 00:00 0 
7efeb9952000-7efebace8000 ---p 00000000 00:00 0 
7efebace8000-7efebae37000 rw-p 00000000 00:00 0 
7efebae37000-7efebc1cc000 ---p 00000000 00:00 0 
7efebc1cc000-7efebc274000 rw-p 00000000 00:00 0 
7efebc274000-7efebcc3f000 ---p 00000000 00:00 0 
7efebcc3f000-7efebcc4a000 rw-p 00000000 00:00 0 
7efebcc4a000-7efebd000000 ---p 00000000 00:00 0 
7efebd000000-7efebd270000 rwxp 00000000 00:00 0 
7efebd270000-7efecc000000 ---p 00000000 00:00 0 
7efecc000000-7efecc040000 rw-p 00000000 00:00 0 
7efecc040000-7efed0000000 ---p 00000000 00:00 0 
7efed00d4000-7efed00d5000 ---p 00000000 00:00 0 
7efed00d5000-7efed01d5000 rw-p 00000000 00:00 0 
7efed01d5000-7efed01d6000 ---p 00000000 00:00 0 
7efed01d6000-7efed02d6000 rw-p 00000000 00:00 0 
7efed02d6000-7efed02de000 r-xp 00000000 08:01 385146                     /usr/lib/jvm/java-8-openjdk-amd64/jre/lib/amd64/libzip.so
7efed02de000-7efed04dd000 ---p 00008000 08:01 385146                     /usr/lib/jvm/java-8-openjdk-amd64/jre/lib/amd64/libzip.so
7efed04dd000-7efed04de000 r--p 00007000 08:01 385146                     /usr/lib/jvm/java-8-openjdk-amd64/jre/lib/amd64/libzip.so
7efed04de000-7efed04df000 rw-p 00008000 08:01 385146                     /usr/lib/jvm/java-8-openjdk-amd64/jre/lib/amd64/libzip.so
7efed04df000-7efed04ea000 r-xp 00000000 08:01 1016275                    /lib/x86_64-linux-gnu/libnss_files-2.23.so
7efed04ea000-7efed06e9000 ---p 0000b000 08:01 1016275                    /lib/x86_64-linux-gnu/libnss_files-2.23.so
7efed06e9000-7efed06ea000 r--p 0000a000 08:01 1016275                    /lib/x86_64-linux-gnu/libnss_files-2.23.so
7efed06ea000-7efed06eb000 rw-p 0000b000 08:01 1016275                    /lib/x86_64-linux-gnu/libnss_files-2.23.so
7efed06eb000-7efed06f1000 rw-p 00000000 00:00 0 
7efed06f1000-7efed06fc000 r-xp 00000000 08:01 1016283                    /lib/x86_64-linux-gnu/libnss_nis-2.23.so
7efed06fc000-7efed08fb000 ---p 0000b000 08:01 1016283                    /lib/x86_64-linux-gnu/libnss_nis-2.23.so
7efed08fb000-7efed08fc000 r--p 0000a000 08:01 1016283                    /lib/x86_64-linux-gnu/libnss_nis-2.23.so
7efed08fc000-7efed08fd000 rw-p 0000b000 08:01 1016283                    /lib/x86_64-linux-gnu/libnss_nis-2.23.so
7efed08fd000-7efed0913000 r-xp 00000000 08:01 1015986                    /lib/x86_64-linux-gnu/libnsl-2.23.so
7efed0913000-7efed0b12000 ---p 00016000 08:01 1015986                    /lib/x86_64-linux-gnu/libnsl-2.23.so
7efed0b12000-7efed0b13000 r--p 00015000 08:01 1015986                    /lib/x86_64-linux-gnu/libnsl-2.23.so
7efed0b13000-7efed0b14000 rw-p 00016000 08:01 1015986                    /lib/x86_64-linux-gnu/libnsl-2.23.so
7efed0b14000-7efed0b16000 rw-p 00000000 00:00 0 
7efed0b16000-7efed0b1e000 r-xp 00000000 08:01 1016265                    /lib/x86_64-linux-gnu/libnss_compat-2.23.so
7efed0b1e000-7efed0d1d000 ---p 00008000 08:01 1016265                    /lib/x86_64-linux-gnu/libnss_compat-2.23.so
7efed0d1d000-7efed0d1e000 r--p 00007000 08:01 1016265                    /lib/x86_64-linux-gnu/libnss_compat-2.23.so
7efed0d1e000-7efed0d1f000 rw-p 00008000 08:01 1016265                    /lib/x86_64-linux-gnu/libnss_compat-2.23.so
7efed0d1f000-7efed0d4c000 r-xp 00000000 08:01 385151                     /usr/lib/jvm/java-8-openjdk-amd64/jre/lib/amd64/libjava.so
7efed0d4c000-7efed0f4b000 ---p 0002d000 08:01 385151                     /usr/lib/jvm/java-8-openjdk-amd64/jre/lib/amd64/libjava.so
7efed0f4b000-7efed0f4c000 r--p 0002c000 08:01 385151                     /usr/lib/jvm/java-8-openjdk-amd64/jre/lib/amd64/libjava.so
7efed0f4c000-7efed0f4e000 rw-p 0002d000 08:01 385151                     /usr/lib/jvm/java-8-openjdk-amd64/jre/lib/amd64/libjava.so
7efed0f4e000-7efed0f5d000 r-xp 00000000 08:01 385131                     /usr/lib/jvm/java-8-openjdk-amd64/jre/lib/amd64/libverify.so
7efed0f5d000-7efed115c000 ---p 0000f000 08:01 385131                     /usr/lib/jvm/java-8-openjdk-amd64/jre/lib/amd64/libverify.so
7efed115c000-7efed115e000 r--p 0000e000 08:01 385131                     /usr/lib/jvm/java-8-openjdk-amd64/jre/lib/amd64/libverify.so
7efed115e000-7efed115f000 rw-p 00010000 08:01 385131                     /usr/lib/jvm/java-8-openjdk-amd64/jre/lib/amd64/libverify.so
7efed115f000-7efed1166000 r-xp 00000000 08:01 1016285                    /lib/x86_64-linux-gnu/librt-2.23.so
7efed1166000-7efed1365000 ---p 00007000 08:01 1016285                    /lib/x86_64-linux-gnu/librt-2.23.so
7efed1365000-7efed1366000 r--p 00006000 08:01 1016285                    /lib/x86_64-linux-gnu/librt-2.23.so
7efed1366000-7efed1367000 rw-p 00007000 08:01 1016285                    /lib/x86_64-linux-gnu/librt-2.23.so
7efed1367000-7efed137d000 r-xp 00000000 08:01 1015873                    /lib/x86_64-linux-gnu/libgcc_s.so.1
7efed137d000-7efed157c000 ---p 00016000 08:01 1015873                    /lib/x86_64-linux-gnu/libgcc_s.so.1
7efed157c000-7efed157d000 rw-p 00015000 08:01 1015873                    /lib/x86_64-linux-gnu/libgcc_s.so.1
7efed157d000-7efed1685000 r-xp 00000000 08:01 1015985                    /lib/x86_64-linux-gnu/libm-2.23.so
7efed1685000-7efed1884000 ---p 00108000 08:01 1015985                    /lib/x86_64-linux-gnu/libm-2.23.so
7efed1884000-7efed1885000 r--p 00107000 08:01 1015985                    /lib/x86_64-linux-gnu/libm-2.23.so
7efed1885000-7efed1886000 rw-p 00108000 08:01 1015985                    /lib/x86_64-linux-gnu/libm-2.23.so
7efed1886000-7efed19f8000 r-xp 00000000 08:01 329639                     /usr/lib/x86_64-linux-gnu/libstdc++.so.6.0.21
7efed19f8000-7efed1bf8000 ---p 00172000 08:01 329639                     /usr/lib/x86_64-linux-gnu/libstdc++.so.6.0.21
7efed1bf8000-7efed1c02000 r--p 00172000 08:01 329639                     /usr/lib/x86_64-linux-gnu/libstdc++.so.6.0.21
7efed1c02000-7efed1c04000 rw-p 0017c000 08:01 329639                     /usr/lib/x86_64-linux-gnu/libstdc++.so.6.0.21
7efed1c04000-7efed1c08000 rw-p 00000000 00:00 0 
7efed1c08000-7efed2869000 r-xp 00000000 08:01 385125                     /usr/lib/jvm/java-8-openjdk-amd64/jre/lib/amd64/server/libjvm.so
7efed2869000-7efed2a69000 ---p 00c61000 08:01 385125                     /usr/lib/jvm/java-8-openjdk-amd64/jre/lib/amd64/server/libjvm.so
7efed2a69000-7efed2afd000 r--p 00c61000 08:01 385125                     /usr/lib/jvm/java-8-openjdk-amd64/jre/lib/amd64/server/libjvm.so
7efed2afd000-7efed2b26000 rw-p 00cf5000 08:01 385125                     /usr/lib/jvm/java-8-openjdk-amd64/jre/lib/amd64/server/libjvm.so
7efed2b26000-7efed2b56000 rw-p 00000000 00:00 0 
7efed2b56000-7efed2b6e000 r-xp 00000000 08:01 1016028                    /lib/x86_64-linux-gnu/libpthread-2.23.so
7efed2b6e000-7efed2d6d000 ---p 00018000 08:01 1016028                    /lib/x86_64-linux-gnu/libpthread-2.23.so
7efed2d6d000-7efed2d6e000 r--p 00017000 08:01 1016028                    /lib/x86_64-linux-gnu/libpthread-2.23.so
7efed2d6e000-7efed2d6f000 rw-p 00018000 08:01 1016028                    /lib/x86_64-linux-gnu/libpthread-2.23.so
7efed2d6f000-7efed2d73000 rw-p 00000000 00:00 0 
7efed2d73000-7efed2d76000 r-xp 00000000 08:01 1016034                    /lib/x86_64-linux-gnu/libdl-2.23.so
7efed2d76000-7efed2f75000 ---p 00003000 08:01 1016034                    /lib/x86_64-linux-gnu/libdl-2.23.so
7efed2f75000-7efed2f76000 r--p 00002000 08:01 1016034                    /lib/x86_64-linux-gnu/libdl-2.23.so
7efed2f76000-7efed2f77000 rw-p 00003000 08:01 1016034                    /lib/x86_64-linux-gnu/libdl-2.23.so
7efed2f77000-7efed2f90000 r-xp 00000000 08:01 1016035                    /lib/x86_64-linux-gnu/libz.so.1.2.8
7efed2f90000-7efed318f000 ---p 00019000 08:01 1016035                    /lib/x86_64-linux-gnu/libz.so.1.2.8
7efed318f000-7efed3190000 r--p 00018000 08:01 1016035                    /lib/x86_64-linux-gnu/libz.so.1.2.8
7efed3190000-7efed3191000 rw-p 00019000 08:01 1016035                    /lib/x86_64-linux-gnu/libz.so.1.2.8
7efed3191000-7efed3351000 r-xp 00000000 08:01 1016029                    /lib/x86_64-linux-gnu/libc-2.23.so
7efed3351000-7efed3551000 ---p 001c0000 08:01 1016029                    /lib/x86_64-linux-gnu/libc-2.23.so
7efed3551000-7efed3555000 r--p 001c0000 08:01 1016029                    /lib/x86_64-linux-gnu/libc-2.23.so
7efed3555000-7efed3557000 rw-p 001c4000 08:01 1016029                    /lib/x86_64-linux-gnu/libc-2.23.so
7efed3557000-7efed355b000 rw-p 00000000 00:00 0 
7efed355b000-7efed3568000 r-xp 00000000 08:01 385137                     /usr/lib/jvm/java-8-openjdk-amd64/jre/lib/amd64/jli/libjli.so
7efed3568000-7efed3768000 ---p 0000d000 08:01 385137                     /usr/lib/jvm/java-8-openjdk-amd64/jre/lib/amd64/jli/libjli.so
7efed3768000-7efed3769000 r--p 0000d000 08:01 385137                     /usr/lib/jvm/java-8-openjdk-amd64/jre/lib/amd64/jli/libjli.so
7efed3769000-7efed376a000 rw-p 0000e000 08:01 385137                     /usr/lib/jvm/java-8-openjdk-amd64/jre/lib/amd64/jli/libjli.so
7efed376a000-7efed3790000 r-xp 00000000 08:01 1016027                    /lib/x86_64-linux-gnu/ld-2.23.so
7efed387e000-7efed3881000 ---p 00000000 00:00 0 
7efed3881000-7efed3983000 rw-p 00000000 00:00 0 
7efed3984000-7efed398c000 rw-s 00000000 08:01 574773                     /tmp/hsperfdata_nobi/60182
7efed398c000-7efed398d000 rw-p 00000000 00:00 0 
7efed398d000-7efed398e000 r--p 00000000 00:00 0 
7efed398e000-7efed398f000 rw-p 00000000 00:00 0 
7efed398f000-7efed3990000 r--p 00025000 08:01 1016027                    /lib/x86_64-linux-gnu/ld-2.23.so
7efed3990000-7efed3991000 rw-p 00026000 08:01 1016027                    /lib/x86_64-linux-gnu/ld-2.23.so
7efed3991000-7efed3992000 rw-p 00000000 00:00 0 
7ffc20254000-7ffc20275000 rw-p 00000000 00:00 0                          [stack]
7ffc202c6000-7ffc202c9000 r--p 00000000 00:00 0                          [vvar]
7ffc202c9000-7ffc202cb000 r-xp 00000000 00:00 0                          [vdso]
ffffffffff600000-ffffffffff601000 r-xp 00000000 00:00 0                  [vsyscall]

VM Arguments:
java_command: com.yahoo.ycsb.Client -db com.yahoo.ycsb.db.KaijuClient -p hosts=155.98.36.63:8080,155.98.36.76:8080 -p port=8080 -P workloads/workloada -p operationcount=4000 -p maxexecutiontime=30 -p isolation_level=READ_ATOMIC -p read_atomic_algorithm=KEY_LIST -s -t
java_class_path (initial): /users/nobi/ramp/maude-ramp/contrib/YCSB/ramp-only-backup/ramp-only/ramp-sigmod2014-code/contrib/YCSB/kaiju/target/kaiju-binding-0.1.4.jar:/users/nobi/ramp/maude-ramp/contrib/YCSB/ramp-only-backup/ramp-only/ramp-sigmod2014-code/contrib/YCSB/kaiju/target/archive-tmp/kaiju-binding-0.1.4.jar:/users/nobi/ramp/maude-ramp/contrib/YCSB/ramp-only-backup/ramp-only/ramp-sigmod2014-code/contrib/YCSB/core/target/core-0.1.4.jar
Launcher Type: SUN_STANDARD

Environment Variables:
PATH=/usr/testbed/bin:/sbin:/bin:/usr/sbin:/usr/bin:/usr/games:/usr/local/sbin:/usr/local/bin:/users/nobi/bin:/users/nobi/jdk1.8.0_152/bin:/users/nobi/maude
SHELL=/bin/tcsh
HOSTTYPE=x86_64-linux
OSTYPE=linux
MACHTYPE=x86_64

Signal Handlers:
SIGSEGV: [libjvm.so+0xa74e00], sa_mask[0]=11111111011111111101111111111110, sa_flags=SA_RESTART|SA_SIGINFO
SIGBUS: [libjvm.so+0xa74e00], sa_mask[0]=11111111011111111101111111111110, sa_flags=SA_RESTART|SA_SIGINFO
SIGFPE: [libjvm.so+0x8bbe10], sa_mask[0]=11111111011111111101111111111110, sa_flags=SA_RESTART|SA_SIGINFO
SIGPIPE: [libjvm.so+0x8bbe10], sa_mask[0]=11111111011111111101111111111110, sa_flags=SA_RESTART|SA_SIGINFO
SIGXFSZ: [libjvm.so+0x8bbe10], sa_mask[0]=11111111011111111101111111111110, sa_flags=SA_RESTART|SA_SIGINFO
SIGILL: [libjvm.so+0x8bbe10], sa_mask[0]=11111111011111111101111111111110, sa_flags=SA_RESTART|SA_SIGINFO
SIGUSR1: SIG_DFL, sa_mask[0]=00000000000000000000000000000000, sa_flags=none
SIGUSR2: [libjvm.so+0x8bbcc0], sa_mask[0]=00000000000000000000000000000000, sa_flags=SA_RESTART|SA_SIGINFO
SIGHUP: SIG_DFL, sa_mask[0]=00000000000000000000000000000000, sa_flags=none
SIGINT: SIG_IGN, sa_mask[0]=00000000000000000000000000000000, sa_flags=none
SIGTERM: SIG_DFL, sa_mask[0]=00000000000000000000000000000000, sa_flags=none
SIGQUIT: SIG_IGN, sa_mask[0]=00000000000000000000000000000000, sa_flags=none


---------------  S Y S T E M  ---------------

OS:DISTRIB_ID=Ubuntu
DISTRIB_RELEASE=16.04
DISTRIB_CODENAME=xenial
DISTRIB_DESCRIPTION="Ubuntu 16.04.1 LTS"

uname:Linux 4.4.0-138-generic #164-Ubuntu SMP Tue Oct 2 17:16:02 UTC 2018 x86_64
libc:glibc 2.23 NPTL 2.23 
rlimit: STACK 8192k, CORE 0k, NPROC 256579, NOFILE 1048576, AS infinity
load average:0.00 0.00 0.04

/proc/meminfo:
MemTotal:       65724292 kB
MemFree:        59118344 kB
MemAvailable:   59548240 kB
Buffers:           55356 kB
Cached:           734608 kB
SwapCached:            0 kB
Active:          5230480 kB
Inactive:         290456 kB
Active(anon):    4734116 kB
Inactive(anon):     8964 kB
Active(file):     496364 kB
Inactive(file):   281492 kB
Unevictable:        3652 kB
Mlocked:            3652 kB
SwapTotal:       3145724 kB
SwapFree:        3145724 kB
Dirty:              5652 kB
Writeback:             0 kB
AnonPages:       4731720 kB
Mapped:            48736 kB
Shmem:              9684 kB
Slab:             260892 kB
SReclaimable:      72756 kB
SUnreclaim:       188136 kB
KernelStack:      204720 kB
PageTables:       236172 kB
NFS_Unstable:          0 kB
Bounce:                0 kB
WritebackTmp:          0 kB
CommitLimit:    36007868 kB
Committed_AS:   354987028 kB
VmallocTotal:   34359738367 kB
VmallocUsed:           0 kB
VmallocChunk:          0 kB
HardwareCorrupted:     0 kB
AnonHugePages:         0 kB
CmaTotal:              0 kB
CmaFree:               0 kB
HugePages_Total:       0
HugePages_Free:        0
HugePages_Rsvd:        0
HugePages_Surp:        0
Hugepagesize:       2048 kB
DirectMap4k:      158448 kB
DirectMap2M:     3940352 kB
DirectMap1G:    65011712 kB

container (cgroup) information:
container_type: cgroupv1
cpu_cpuset_cpus: 0-31
cpu_memory_nodes: 0-1
active_processor_count: 32
cpu_quota: -1
cpu_period: 100000
cpu_shares: -1
memory_limit_in_bytes: -1
memory_and_swap_limit_in_bytes: -2
memory_soft_limit_in_bytes: -1
memory_usage_in_bytes: 5487341568
memory_max_usage_in_bytes: 5625282560


CPU:total 32 (initial active 32) (8 cores per cpu, 2 threads per core) family 6 model 63 stepping 2, cmov, cx8, fxsr, mmx, sse, sse2, sse3, ssse3, sse4.1, sse4.2, popcnt, avx, avx2, aes, clmul, erms, lzcnt, ht, tsc, tscinvbit, bmi1, bmi2

/proc/cpuinfo:
processor	: 0
vendor_id	: GenuineIntel
cpu family	: 6
model		: 63
model name	: Intel(R) Xeon(R) CPU E5-2630 v3 @ 2.40GHz
stepping	: 2
microcode	: 0x3d
cpu MHz		: 2590.125
cache size	: 20480 KB
physical id	: 0
siblings	: 16
core id		: 0
cpu cores	: 8
apicid		: 0
initial apicid	: 0
fpu		: yes
fpu_exception	: yes
cpuid level	: 15
wp		: yes
flags		: fpu vme de pse tsc msr pae mce cx8 apic sep mtrr pge mca cmov pat pse36 clflush dts acpi mmx fxsr sse sse2 ss ht tm pbe syscall nx pdpe1gb rdtscp lm constant_tsc arch_perfmon pebs bts rep_good nopl xtopology nonstop_tsc aperfmperf pni pclmulqdq dtes64 monitor ds_cpl vmx smx est tm2 ssse3 sdbg fma cx16 xtpr pdcm pcid dca sse4_1 sse4_2 x2apic movbe popcnt tsc_deadline_timer aes xsave avx f16c rdrand lahf_lm abm epb invpcid_single ssbd ibrs ibpb stibp kaiser tpr_shadow vnmi flexpriority ept vpid fsgsbase tsc_adjust bmi1 avx2 smep bmi2 erms invpcid cqm xsaveopt cqm_llc cqm_occup_llc dtherm ida arat pln pts flush_l1d
bugs		: cpu_meltdown spectre_v1 spectre_v2 spec_store_bypass l1tf
bogomips	: 4794.75
clflush size	: 64
cache_alignment	: 64
address sizes	: 46 bits physical, 48 bits virtual
power management:

processor	: 1
vendor_id	: GenuineIntel
cpu family	: 6
model		: 63
model name	: Intel(R) Xeon(R) CPU E5-2630 v3 @ 2.40GHz
stepping	: 2
microcode	: 0x3d
cpu MHz		: 2566.781
cache size	: 20480 KB
physical id	: 1
siblings	: 16
core id		: 0
cpu cores	: 8
apicid		: 16
initial apicid	: 16
fpu		: yes
fpu_exception	: yes
cpuid level	: 15
wp		: yes
flags		: fpu vme de pse tsc msr pae mce cx8 apic sep mtrr pge mca cmov pat pse36 clflush dts acpi mmx fxsr sse sse2 ss ht tm pbe syscall nx pdpe1gb rdtscp lm constant_tsc arch_perfmon pebs bts rep_good nopl xtopology nonstop_tsc aperfmperf pni pclmulqdq dtes64 monitor ds_cpl vmx smx est tm2 ssse3 sdbg fma cx16 xtpr pdcm pcid dca sse4_1 sse4_2 x2apic movbe popcnt tsc_deadline_timer aes xsave avx f16c rdrand lahf_lm abm epb invpcid_single ssbd ibrs ibpb stibp kaiser tpr_shadow vnmi flexpriority ept vpid fsgsbase tsc_adjust bmi1 avx2 smep bmi2 erms invpcid cqm xsaveopt cqm_llc cqm_occup_llc dtherm ida arat pln pts flush_l1d
bugs		: cpu_meltdown spectre_v1 spectre_v2 spec_store_bypass l1tf
bogomips	: 4795.91
clflush size	: 64
cache_alignment	: 64
address sizes	: 46 bits physical, 48 bits virtual
power management:

processor	: 2
vendor_id	: GenuineIntel
cpu family	: 6
model		: 63
model name	: Intel(R) Xeon(R) CPU E5-2630 v3 @ 2.40GHz
stepping	: 2
microcode	: 0x3d
cpu MHz		: 2602.875
cache size	: 20480 KB
physical id	: 0
siblings	: 16
core id		: 1
cpu cores	: 8
apicid		: 2
initial apicid	: 2
fpu		: yes
fpu_exception	: yes
cpuid level	: 15
wp		: yes
flags		: fpu vme de pse tsc msr pae mce cx8 apic sep mtrr pge mca cmov pat pse36 clflush dts acpi mmx fxsr sse sse2 ss ht tm pbe syscall nx pdpe1gb rdtscp lm constant_tsc arch_perfmon pebs bts rep_good nopl xtopology nonstop_tsc aperfmperf pni pclmulqdq dtes64 monitor ds_cpl vmx smx est tm2 ssse3 sdbg fma cx16 xtpr pdcm pcid dca sse4_1 sse4_2 x2apic movbe popcnt tsc_deadline_timer aes xsave avx f16c rdrand lahf_lm abm epb invpcid_single ssbd ibrs ibpb stibp kaiser tpr_shadow vnmi flexpriority ept vpid fsgsbase tsc_adjust bmi1 avx2 smep bmi2 erms invpcid cqm xsaveopt cqm_llc cqm_occup_llc dtherm ida arat pln pts flush_l1d
bugs		: cpu_meltdown spectre_v1 spectre_v2 spec_store_bypass l1tf
bogomips	: 4794.75
clflush size	: 64
cache_alignment	: 64
address sizes	: 46 bits physical, 48 bits virtual
power management:

processor	: 3
vendor_id	: GenuineIntel
cpu family	: 6
model		: 63
model name	: Intel(R) Xeon(R) CPU E5-2630 v3 @ 2.40GHz
stepping	: 2
microcode	: 0x3d
cpu MHz		: 2604.093
cache size	: 20480 KB
physical id	: 1
siblings	: 16
core id		: 1
cpu cores	: 8
apicid		: 18
initial apicid	: 18
fpu		: yes
fpu_exception	: yes
cpuid level	: 15
wp		: yes
flags		: fpu vme de pse tsc msr pae mce cx8 apic sep mtrr pge mca cmov pat pse36 clflush dts acpi mmx fxsr sse sse2 ss ht tm pbe syscall nx pdpe1gb rdtscp lm constant_tsc arch_perfmon pebs bts rep_good nopl xtopology nonstop_tsc aperfmperf pni pclmulqdq dtes64 monitor ds_cpl vmx smx est tm2 ssse3 sdbg fma cx16 xtpr pdcm pcid dca sse4_1 sse4_2 x2apic movbe popcnt tsc_deadline_timer aes xsave avx f16c rdrand lahf_lm abm epb invpcid_single ssbd ibrs ibpb stibp kaiser tpr_shadow vnmi flexpriority ept vpid fsgsbase tsc_adjust bmi1 avx2 smep bmi2 erms invpcid cqm xsaveopt cqm_llc cqm_occup_llc dtherm ida arat pln pts flush_l1d
bugs		: cpu_meltdown spectre_v1 spectre_v2 spec_store_bypass l1tf
bogomips	: 4795.91
clflush size	: 64
cache_alignment	: 64
address sizes	: 46 bits physical, 48 bits virtual
power management:

processor	: 4
vendor_id	: GenuineIntel
cpu family	: 6
model		: 63
model name	: Intel(R) Xeon(R) CPU E5-2630 v3 @ 2.40GHz
stepping	: 2
microcode	: 0x3d
cpu MHz		: 2576.625
cache size	: 20480 KB
physical id	: 0
siblings	: 16
core id		: 2
cpu cores	: 8
apicid		: 4
initial apicid	: 4
fpu		: yes
fpu_exception	: yes
cpuid level	: 15
wp		: yes
flags		: fpu vme de pse tsc msr pae mce cx8 apic sep mtrr pge mca cmov pat pse36 clflush dts acpi mmx fxsr sse sse2 ss ht tm pbe syscall nx pdpe1gb rdtscp lm constant_tsc arch_perfmon pebs bts rep_good nopl xtopology nonstop_tsc aperfmperf pni pclmulqdq dtes64 monitor ds_cpl vmx smx est tm2 ssse3 sdbg fma cx16 xtpr pdcm pcid dca sse4_1 sse4_2 x2apic movbe popcnt tsc_deadline_timer aes xsave avx f16c rdrand lahf_lm abm epb invpcid_single ssbd ibrs ibpb stibp kaiser tpr_shadow vnmi flexpriority ept vpid fsgsbase tsc_adjust bmi1 avx2 smep bmi2 erms invpcid cqm xsaveopt cqm_llc cqm_occup_llc dtherm ida arat pln pts flush_l1d
bugs		: cpu_meltdown spectre_v1 spectre_v2 spec_store_bypass l1tf
bogomips	: 4794.75
clflush size	: 64
cache_alignment	: 64
address sizes	: 46 bits physical, 48 bits virtual
power management:

processor	: 5
vendor_id	: GenuineIntel
cpu family	: 6
model		: 63
model name	: Intel(R) Xeon(R) CPU E5-2630 v3 @ 2.40GHz
stepping	: 2
microcode	: 0x3d
cpu MHz		: 2600.718
cache size	: 20480 KB
physical id	: 1
siblings	: 16
core id		: 2
cpu cores	: 8
apicid		: 20
initial apicid	: 20
fpu		: yes
fpu_exception	: yes
cpuid level	: 15
wp		: yes
flags		: fpu vme de pse tsc msr pae mce cx8 apic sep mtrr pge mca cmov pat pse36 clflush dts acpi mmx fxsr sse sse2 ss ht tm pbe syscall nx pdpe1gb rdtscp lm constant_tsc arch_perfmon pebs bts rep_good nopl xtopology nonstop_tsc aperfmperf pni pclmulqdq dtes64 monitor ds_cpl vmx smx est tm2 ssse3 sdbg fma cx16 xtpr pdcm pcid dca sse4_1 sse4_2 x2apic movbe popcnt tsc_deadline_timer aes xsave avx f16c rdrand lahf_lm abm epb invpcid_single ssbd ibrs ibpb stibp kaiser tpr_shadow vnmi flexpriority ept vpid fsgsbase tsc_adjust bmi1 avx2 smep bmi2 erms invpcid cqm xsaveopt cqm_llc cqm_occup_llc dtherm ida arat pln pts flush_l1d
bugs		: cpu_meltdown spectre_v1 spectre_v2 spec_store_bypass l1tf
bogomips	: 4795.91
clflush size	: 64
cache_alignment	: 64
address sizes	: 46 bits physical, 48 bits virtual
power management:

processor	: 6
vendor_id	: GenuineIntel
cpu family	: 6
model		: 63
model name	: Intel(R) Xeon(R) CPU E5-2630 v3 @ 2.40GHz
stepping	: 2
microcode	: 0x3d
cpu MHz		: 2399.906
cache size	: 20480 KB
physical id	: 0
siblings	: 16
core id		: 3
cpu cores	: 8
apicid		: 6
initial apicid	: 6
fpu		: yes
fpu_exception	: yes
cpuid level	: 15
wp		: yes
flags		: fpu vme de pse tsc msr pae mce cx8 apic sep mtrr pge mca cmov pat pse36 clflush dts acpi mmx fxsr sse sse2 ss ht tm pbe syscall nx pdpe1gb rdtscp lm constant_tsc arch_perfmon pebs bts rep_good nopl xtopology nonstop_tsc aperfmperf pni pclmulqdq dtes64 monitor ds_cpl vmx smx est tm2 ssse3 sdbg fma cx16 xtpr pdcm pcid dca sse4_1 sse4_2 x2apic movbe popcnt tsc_deadline_timer aes xsave avx f16c rdrand lahf_lm abm epb invpcid_single ssbd ibrs ibpb stibp kaiser tpr_shadow vnmi flexpriority ept vpid fsgsbase tsc_adjust bmi1 avx2 smep bmi2 erms invpcid cqm xsaveopt cqm_llc cqm_occup_llc dtherm ida arat pln pts flush_l1d
bugs		: cpu_meltdown spectre_v1 spectre_v2 spec_store_bypass l1tf
bogomips	: 4794.75
clflush size	: 64
cache_alignment	: 64
address sizes	: 46 bits physical, 48 bits virtual
power management:

processor	: 7
vendor_id	: GenuineIntel
cpu family	: 6
model		: 63
model name	: Intel(R) Xeon(R) CPU E5-2630 v3 @ 2.40GHz
stepping	: 2
microcode	: 0x3d
cpu MHz		: 2399.906
cache size	: 20480 KB
physical id	: 1
siblings	: 16
core id		: 3
cpu cores	: 8
apicid		: 22
initial apicid	: 22
fpu		: yes
fpu_exception	: yes
cpuid level	: 15
wp		: yes
flags		: fpu vme de pse tsc msr pae mce cx8 apic sep mtrr pge mca cmov pat pse36 clflush dts acpi mmx fxsr sse sse2 ss ht tm pbe syscall nx pdpe1gb rdtscp lm constant_tsc arch_perfmon pebs bts rep_good nopl xtopology nonstop_tsc aperfmperf pni pclmulqdq dtes64 monitor ds_cpl vmx smx est tm2 ssse3 sdbg fma cx16 xtpr pdcm pcid dca sse4_1 sse4_2 x2apic movbe popcnt tsc_deadline_timer aes xsave avx f16c rdrand lahf_lm abm epb invpcid_single ssbd ibrs ibpb stibp kaiser tpr_shadow vnmi flexpriority ept vpid fsgsbase tsc_adjust bmi1 avx2 smep bmi2 erms invpcid cqm xsaveopt cqm_llc cqm_occup_llc dtherm ida arat pln pts flush_l1d
bugs		: cpu_meltdown spectre_v1 spectre_v2 spec_store_bypass l1tf
bogomips	: 4795.91
clflush size	: 64
cache_alignment	: 64
address sizes	: 46 bits physical, 48 bits virtual
power management:

processor	: 8
vendor_id	: GenuineIntel
cpu family	: 6
model		: 63
model name	: Intel(R) Xeon(R) CPU E5-2630 v3 @ 2.40GHz
stepping	: 2
microcode	: 0x3d
cpu MHz		: 2599.968
cache size	: 20480 KB
physical id	: 0
siblings	: 16
core id		: 4
cpu cores	: 8
apicid		: 8
initial apicid	: 8
fpu		: yes
fpu_exception	: yes
cpuid level	: 15
wp		: yes
flags		: fpu vme de pse tsc msr pae mce cx8 apic sep mtrr pge mca cmov pat pse36 clflush dts acpi mmx fxsr sse sse2 ss ht tm pbe syscall nx pdpe1gb rdtscp lm constant_tsc arch_perfmon pebs bts rep_good nopl xtopology nonstop_tsc aperfmperf pni pclmulqdq dtes64 monitor ds_cpl vmx smx est tm2 ssse3 sdbg fma cx16 xtpr pdcm pcid dca sse4_1 sse4_2 x2apic movbe popcnt tsc_deadline_timer aes xsave avx f16c rdrand lahf_lm abm epb invpcid_single ssbd ibrs ibpb stibp kaiser tpr_shadow vnmi flexpriority ept vpid fsgsbase tsc_adjust bmi1 avx2 smep bmi2 erms invpcid cqm xsaveopt cqm_llc cqm_occup_llc dtherm ida arat pln pts flush_l1d
bugs		: cpu_meltdown spectre_v1 spectre_v2 spec_store_bypass l1tf
bogomips	: 4794.75
clflush size	: 64
cache_alignment	: 64
address sizes	: 46 bits physical, 48 bits virtual
power management:

processor	: 9
vendor_id	: GenuineIntel
cpu family	: 6
model		: 63
model name	: Intel(R) Xeon(R) CPU E5-2630 v3 @ 2.40GHz
stepping	: 2
microcode	: 0x3d
cpu MHz		: 2399.906
cache size	: 20480 KB
physical id	: 1
siblings	: 16
core id		: 4
cpu cores	: 8
apicid		: 24
initial apicid	: 24
fpu		: yes
fpu_exception	: yes
cpuid level	: 15
wp		: yes
flags		: fpu vme de pse tsc msr pae mce cx8 apic sep mtrr pge mca cmov pat pse36 clflush dts acpi mmx fxsr sse sse2 ss ht tm pbe syscall nx pdpe1gb rdtscp lm constant_tsc arch_perfmon pebs bts rep_good nopl xtopology nonstop_tsc aperfmperf pni pclmulqdq dtes64 monitor ds_cpl vmx smx est tm2 ssse3 sdbg fma cx16 xtpr pdcm pcid dca sse4_1 sse4_2 x2apic movbe popcnt tsc_deadline_timer aes xsave avx f16c rdrand lahf_lm abm epb invpcid_single ssbd ibrs ibpb stibp kaiser tpr_shadow vnmi flexpriority ept vpid fsgsbase tsc_adjust bmi1 avx2 smep bmi2 erms invpcid cqm xsaveopt cqm_llc cqm_occup_llc dtherm ida arat pln pts flush_l1d
bugs		: cpu_meltdown spectre_v1 spectre_v2 spec_store_bypass l1tf
bogomips	: 4795.91
clflush size	: 64
cache_alignment	: 64
address sizes	: 46 bits physical, 48 bits virtual
power management:

processor	: 10
vendor_id	: GenuineIntel
cpu family	: 6
model		: 63
model name	: Intel(R) Xeon(R) CPU E5-2630 v3 @ 2.40GHz
stepping	: 2
microcode	: 0x3d
cpu MHz		: 2399.906
cache size	: 20480 KB
physical id	: 0
siblings	: 16
core id		: 5
cpu cores	: 8
apicid		: 10
initial apicid	: 10
fpu		: yes
fpu_exception	: yes
cpuid level	: 15
wp		: yes
flags		: fpu vme de pse tsc msr pae mce cx8 apic sep mtrr pge mca cmov pat pse36 clflush dts acpi mmx fxsr sse sse2 ss ht tm pbe syscall nx pdpe1gb rdtscp lm constant_tsc arch_perfmon pebs bts rep_good nopl xtopology nonstop_tsc aperfmperf pni pclmulqdq dtes64 monitor ds_cpl vmx smx est tm2 ssse3 sdbg fma cx16 xtpr pdcm pcid dca sse4_1 sse4_2 x2apic movbe popcnt tsc_deadline_timer aes xsave avx f16c rdrand lahf_lm abm epb invpcid_single ssbd ibrs ibpb stibp kaiser tpr_shadow vnmi flexpriority ept vpid fsgsbase tsc_adjust bmi1 avx2 smep bmi2 erms invpcid cqm xsaveopt cqm_llc cqm_occup_llc dtherm ida arat pln pts flush_l1d
bugs		: cpu_meltdown spectre_v1 spectre_v2 spec_store_bypass l1tf
bogomips	: 4794.75
clflush size	: 64
cache_alignment	: 64
address sizes	: 46 bits physical, 48 bits virtual
power management:

processor	: 11
vendor_id	: GenuineIntel
cpu family	: 6
model		: 63
model name	: Intel(R) Xeon(R) CPU E5-2630 v3 @ 2.40GHz
stepping	: 2
microcode	: 0x3d
cpu MHz		: 2611.875
cache size	: 20480 KB
physical id	: 1
siblings	: 16
core id		: 5
cpu cores	: 8
apicid		: 26
initial apicid	: 26
fpu		: yes
fpu_exception	: yes
cpuid level	: 15
wp		: yes
flags		: fpu vme de pse tsc msr pae mce cx8 apic sep mtrr pge mca cmov pat pse36 clflush dts acpi mmx fxsr sse sse2 ss ht tm pbe syscall nx pdpe1gb rdtscp lm constant_tsc arch_perfmon pebs bts rep_good nopl xtopology nonstop_tsc aperfmperf pni pclmulqdq dtes64 monitor ds_cpl vmx smx est tm2 ssse3 sdbg fma cx16 xtpr pdcm pcid dca sse4_1 sse4_2 x2apic movbe popcnt tsc_deadline_timer aes xsave avx f16c rdrand lahf_lm abm epb invpcid_single ssbd ibrs ibpb stibp kaiser tpr_shadow vnmi flexpriority ept vpid fsgsbase tsc_adjust bmi1 avx2 smep bmi2 erms invpcid cqm xsaveopt cqm_llc cqm_occup_llc dtherm ida arat pln pts flush_l1d
bugs		: cpu_meltdown spectre_v1 spectre_v2 spec_store_bypass l1tf
bogomips	: 4795.91
clflush size	: 64
cache_alignment	: 64
address sizes	: 46 bits physical, 48 bits virtual
power management:

processor	: 12
vendor_id	: GenuineIntel
cpu family	: 6
model		: 63
model name	: Intel(R) Xeon(R) CPU E5-2630 v3 @ 2.40GHz
stepping	: 2
microcode	: 0x3d
cpu MHz		: 2599.968
cache size	: 20480 KB
physical id	: 0
siblings	: 16
core id		: 6
cpu cores	: 8
apicid		: 12
initial apicid	: 12
fpu		: yes
fpu_exception	: yes
cpuid level	: 15
wp		: yes
flags		: fpu vme de pse tsc msr pae mce cx8 apic sep mtrr pge mca cmov pat pse36 clflush dts acpi mmx fxsr sse sse2 ss ht tm pbe syscall nx pdpe1gb rdtscp lm constant_tsc arch_perfmon pebs bts rep_good nopl xtopology nonstop_tsc aperfmperf pni pclmulqdq dtes64 monitor ds_cpl vmx smx est tm2 ssse3 sdbg fma cx16 xtpr pdcm pcid dca sse4_1 sse4_2 x2apic movbe popcnt tsc_deadline_timer aes xsave avx f16c rdrand lahf_lm abm epb invpcid_single ssbd ibrs ibpb stibp kaiser tpr_shadow vnmi flexpriority ept vpid fsgsbase tsc_adjust bmi1 avx2 smep bmi2 erms invpcid cqm xsaveopt cqm_llc cqm_occup_llc dtherm ida arat pln pts flush_l1d
bugs		: cpu_meltdown spectre_v1 spectre_v2 spec_store_bypass l1tf
bogomips	: 4794.75
clflush size	: 64
cache_alignment	: 64
address sizes	: 46 bits physical, 48 bits virtual
power management:

processor	: 13
vendor_id	: GenuineIntel
cpu family	: 6
model		: 63
model name	: Intel(R) Xeon(R) CPU E5-2630 v3 @ 2.40GHz
stepping	: 2
microcode	: 0x3d
cpu MHz		: 2399.906
cache size	: 20480 KB
physical id	: 1
siblings	: 16
core id		: 6
cpu cores	: 8
apicid		: 28
initial apicid	: 28
fpu		: yes
fpu_exception	: yes
cpuid level	: 15
wp		: yes
flags		: fpu vme de pse tsc msr pae mce cx8 apic sep mtrr pge mca cmov pat pse36 clflush dts acpi mmx fxsr sse sse2 ss ht tm pbe syscall nx pdpe1gb rdtscp lm constant_tsc arch_perfmon pebs bts rep_good nopl xtopology nonstop_tsc aperfmperf pni pclmulqdq dtes64 monitor ds_cpl vmx smx est tm2 ssse3 sdbg fma cx16 xtpr pdcm pcid dca sse4_1 sse4_2 x2apic movbe popcnt tsc_deadline_timer aes xsave avx f16c rdrand lahf_lm abm epb invpcid_single ssbd ibrs ibpb stibp kaiser tpr_shadow vnmi flexpriority ept vpid fsgsbase tsc_adjust bmi1 avx2 smep bmi2 erms invpcid cqm xsaveopt cqm_llc cqm_occup_llc dtherm ida arat pln pts flush_l1d
bugs		: cpu_meltdown spectre_v1 spectre_v2 spec_store_bypass l1tf
bogomips	: 4795.91
clflush size	: 64
cache_alignment	: 64
address sizes	: 46 bits physical, 48 bits virtual
power management:

processor	: 14
vendor_id	: GenuineIntel
cpu family	: 6
model		: 63
model name	: Intel(R) Xeon(R) CPU E5-2630 v3 @ 2.40GHz
stepping	: 2
microcode	: 0x3d
cpu MHz		: 2399.906
cache size	: 20480 KB
physical id	: 0
siblings	: 16
core id		: 7
cpu cores	: 8
apicid		: 14
initial apicid	: 14
fpu		: yes
fpu_exception	: yes
cpuid level	: 15
wp		: yes
flags		: fpu vme de pse tsc msr pae mce cx8 apic sep mtrr pge mca cmov pat pse36 clflush dts acpi mmx fxsr sse sse2 ss ht tm pbe syscall nx pdpe1gb rdtscp lm constant_tsc arch_perfmon pebs bts rep_good nopl xtopology nonstop_tsc aperfmperf pni pclmulqdq dtes64 monitor ds_cpl vmx smx est tm2 ssse3 sdbg fma cx16 xtpr pdcm pcid dca sse4_1 sse4_2 x2apic movbe popcnt tsc_deadline_timer aes xsave avx f16c rdrand lahf_lm abm epb invpcid_single ssbd ibrs ibpb stibp kaiser tpr_shadow vnmi flexpriority ept vpid fsgsbase tsc_adjust bmi1 avx2 smep bmi2 erms invpcid cqm xsaveopt cqm_llc cqm_occup_llc dtherm ida arat pln pts flush_l1d
bugs		: cpu_meltdown spectre_v1 spectre_v2 spec_store_bypass l1tf
bogomips	: 4794.75
clflush size	: 64
cache_alignment	: 64
address sizes	: 46 bits physical, 48 bits virtual
power management:

processor	: 15
vendor_id	: GenuineIntel
cpu family	: 6
model		: 63
model name	: Intel(R) Xeon(R) CPU E5-2630 v3 @ 2.40GHz
stepping	: 2
microcode	: 0x3d
cpu MHz		: 2399.906
cache size	: 20480 KB
physical id	: 1
siblings	: 16
core id		: 7
cpu cores	: 8
apicid		: 30
initial apicid	: 30
fpu		: yes
fpu_exception	: yes
cpuid level	: 15
wp		: yes
flags		: fpu vme de pse tsc msr pae mce cx8 apic sep mtrr pge mca cmov pat pse36 clflush dts acpi mmx fxsr sse sse2 ss ht tm pbe syscall nx pdpe1gb rdtscp lm constant_tsc arch_perfmon pebs bts rep_good nopl xtopology nonstop_tsc aperfmperf pni pclmulqdq dtes64 monitor ds_cpl vmx smx est tm2 ssse3 sdbg fma cx16 xtpr pdcm pcid dca sse4_1 sse4_2 x2apic movbe popcnt tsc_deadline_timer aes xsave avx f16c rdrand lahf_lm abm epb invpcid_single ssbd ibrs ibpb stibp kaiser tpr_shadow vnmi flexpriority ept vpid fsgsbase tsc_adjust bmi1 avx2 smep bmi2 erms invpcid cqm xsaveopt cqm_llc cqm_occup_llc dtherm ida arat pln pts flush_l1d
bugs		: cpu_meltdown spectre_v1 spectre_v2 spec_store_bypass l1tf
bogomips	: 4795.91
clflush size	: 64
cache_alignment	: 64
address sizes	: 46 bits physical, 48 bits virtual
power management:

processor	: 16
vendor_id	: GenuineIntel
cpu family	: 6
model		: 63
model name	: Intel(R) Xeon(R) CPU E5-2630 v3 @ 2.40GHz
stepping	: 2
microcode	: 0x3d
cpu MHz		: 2599.968
cache size	: 20480 KB
physical id	: 0
siblings	: 16
core id		: 0
cpu cores	: 8
apicid		: 1
initial apicid	: 1
fpu		: yes
fpu_exception	: yes
cpuid level	: 15
wp		: yes
flags		: fpu vme de pse tsc msr pae mce cx8 apic sep mtrr pge mca cmov pat pse36 clflush dts acpi mmx fxsr sse sse2 ss ht tm pbe syscall nx pdpe1gb rdtscp lm constant_tsc arch_perfmon pebs bts rep_good nopl xtopology nonstop_tsc aperfmperf pni pclmulqdq dtes64 monitor ds_cpl vmx smx est tm2 ssse3 sdbg fma cx16 xtpr pdcm pcid dca sse4_1 sse4_2 x2apic movbe popcnt tsc_deadline_timer aes xsave avx f16c rdrand lahf_lm abm epb invpcid_single ssbd ibrs ibpb stibp kaiser tpr_shadow vnmi flexpriority ept vpid fsgsbase tsc_adjust bmi1 avx2 smep bmi2 erms invpcid cqm xsaveopt cqm_llc cqm_occup_llc dtherm ida arat pln pts flush_l1d
bugs		: cpu_meltdown spectre_v1 spectre_v2 spec_store_bypass l1tf
bogomips	: 4794.75
clflush size	: 64
cache_alignment	: 64
address sizes	: 46 bits physical, 48 bits virtual
power management:

processor	: 17
vendor_id	: GenuineIntel
cpu family	: 6
model		: 63
model name	: Intel(R) Xeon(R) CPU E5-2630 v3 @ 2.40GHz
stepping	: 2
microcode	: 0x3d
cpu MHz		: 2610.468
cache size	: 20480 KB
physical id	: 1
siblings	: 16
core id		: 0
cpu cores	: 8
apicid		: 17
initial apicid	: 17
fpu		: yes
fpu_exception	: yes
cpuid level	: 15
wp		: yes
flags		: fpu vme de pse tsc msr pae mce cx8 apic sep mtrr pge mca cmov pat pse36 clflush dts acpi mmx fxsr sse sse2 ss ht tm pbe syscall nx pdpe1gb rdtscp lm constant_tsc arch_perfmon pebs bts rep_good nopl xtopology nonstop_tsc aperfmperf pni pclmulqdq dtes64 monitor ds_cpl vmx smx est tm2 ssse3 sdbg fma cx16 xtpr pdcm pcid dca sse4_1 sse4_2 x2apic movbe popcnt tsc_deadline_timer aes xsave avx f16c rdrand lahf_lm abm epb invpcid_single ssbd ibrs ibpb stibp kaiser tpr_shadow vnmi flexpriority ept vpid fsgsbase tsc_adjust bmi1 avx2 smep bmi2 erms invpcid cqm xsaveopt cqm_llc cqm_occup_llc dtherm ida arat pln pts flush_l1d
bugs		: cpu_meltdown spectre_v1 spectre_v2 spec_store_bypass l1tf
bogomips	: 4795.91
clflush size	: 64
cache_alignment	: 64
address sizes	: 46 bits physical, 48 bits virtual
power management:

processor	: 18
vendor_id	: GenuineIntel
cpu family	: 6
model		: 63
model name	: Intel(R) Xeon(R) CPU E5-2630 v3 @ 2.40GHz
stepping	: 2
microcode	: 0x3d
cpu MHz		: 2599.968
cache size	: 20480 KB
physical id	: 0
siblings	: 16
core id		: 1
cpu cores	: 8
apicid		: 3
initial apicid	: 3
fpu		: yes
fpu_exception	: yes
cpuid level	: 15
wp		: yes
flags		: fpu vme de pse tsc msr pae mce cx8 apic sep mtrr pge mca cmov pat pse36 clflush dts acpi mmx fxsr sse sse2 ss ht tm pbe syscall nx pdpe1gb rdtscp lm constant_tsc arch_perfmon pebs bts rep_good nopl xtopology nonstop_tsc aperfmperf pni pclmulqdq dtes64 monitor ds_cpl vmx smx est tm2 ssse3 sdbg fma cx16 xtpr pdcm pcid dca sse4_1 sse4_2 x2apic movbe popcnt tsc_deadline_timer aes xsave avx f16c rdrand lahf_lm abm epb invpcid_single ssbd ibrs ibpb stibp kaiser tpr_shadow vnmi flexpriority ept vpid fsgsbase tsc_adjust bmi1 avx2 smep bmi2 erms invpcid cqm xsaveopt cqm_llc cqm_occup_llc dtherm ida arat pln pts flush_l1d
bugs		: cpu_meltdown spectre_v1 spectre_v2 spec_store_bypass l1tf
bogomips	: 4794.75
clflush size	: 64
cache_alignment	: 64
address sizes	: 46 bits physical, 48 bits virtual
power management:

processor	: 19
vendor_id	: GenuineIntel
cpu family	: 6
model		: 63
model name	: Intel(R) Xeon(R) CPU E5-2630 v3 @ 2.40GHz
stepping	: 2
microcode	: 0x3d
cpu MHz		: 2627.156
cache size	: 20480 KB
physical id	: 1
siblings	: 16
core id		: 1
cpu cores	: 8
apicid		: 19
initial apicid	: 19
fpu		: yes
fpu_exception	: yes
cpuid level	: 15
wp		: yes
flags		: fpu vme de pse tsc msr pae mce cx8 apic sep mtrr pge mca cmov pat pse36 clflush dts acpi mmx fxsr sse sse2 ss ht tm pbe syscall nx pdpe1gb rdtscp lm constant_tsc arch_perfmon pebs bts rep_good nopl xtopology nonstop_tsc aperfmperf pni pclmulqdq dtes64 monitor ds_cpl vmx smx est tm2 ssse3 sdbg fma cx16 xtpr pdcm pcid dca sse4_1 sse4_2 x2apic movbe popcnt tsc_deadline_timer aes xsave avx f16c rdrand lahf_lm abm epb invpcid_single ssbd ibrs ibpb stibp kaiser tpr_shadow vnmi flexpriority ept vpid fsgsbase tsc_adjust bmi1 avx2 smep bmi2 erms invpcid cqm xsaveopt cqm_llc cqm_occup_llc dtherm ida arat pln pts flush_l1d
bugs		: cpu_meltdown spectre_v1 spectre_v2 spec_store_bypass l1tf
bogomips	: 4795.91
clflush size	: 64
cache_alignment	: 64
address sizes	: 46 bits physical, 48 bits virtual
power management:

processor	: 20
vendor_id	: GenuineIntel
cpu family	: 6
model		: 63
model name	: Intel(R) Xeon(R) CPU E5-2630 v3 @ 2.40GHz
stepping	: 2
microcode	: 0x3d
cpu MHz		: 2587.968
cache size	: 20480 KB
physical id	: 0
siblings	: 16
core id		: 2
cpu cores	: 8
apicid		: 5
initial apicid	: 5
fpu		: yes
fpu_exception	: yes
cpuid level	: 15
wp		: yes
flags		: fpu vme de pse tsc msr pae mce cx8 apic sep mtrr pge mca cmov pat pse36 clflush dts acpi mmx fxsr sse sse2 ss ht tm pbe syscall nx pdpe1gb rdtscp lm constant_tsc arch_perfmon pebs bts rep_good nopl xtopology nonstop_tsc aperfmperf pni pclmulqdq dtes64 monitor ds_cpl vmx smx est tm2 ssse3 sdbg fma cx16 xtpr pdcm pcid dca sse4_1 sse4_2 x2apic movbe popcnt tsc_deadline_timer aes xsave avx f16c rdrand lahf_lm abm epb invpcid_single ssbd ibrs ibpb stibp kaiser tpr_shadow vnmi flexpriority ept vpid fsgsbase tsc_adjust bmi1 avx2 smep bmi2 erms invpcid cqm xsaveopt cqm_llc cqm_occup_llc dtherm ida arat pln pts flush_l1d
bugs		: cpu_meltdown spectre_v1 spectre_v2 spec_store_bypass l1tf
bogomips	: 4794.75
clflush size	: 64
cache_alignment	: 64
address sizes	: 46 bits physical, 48 bits virtual
power management:

processor	: 21
vendor_id	: GenuineIntel
cpu family	: 6
model		: 63
model name	: Intel(R) Xeon(R) CPU E5-2630 v3 @ 2.40GHz
stepping	: 2
microcode	: 0x3d
cpu MHz		: 2599.968
cache size	: 20480 KB
physical id	: 1
siblings	: 16
core id		: 2
cpu cores	: 8
apicid		: 21
initial apicid	: 21
fpu		: yes
fpu_exception	: yes
cpuid level	: 15
wp		: yes
flags		: fpu vme de pse tsc msr pae mce cx8 apic sep mtrr pge mca cmov pat pse36 clflush dts acpi mmx fxsr sse sse2 ss ht tm pbe syscall nx pdpe1gb rdtscp lm constant_tsc arch_perfmon pebs bts rep_good nopl xtopology nonstop_tsc aperfmperf pni pclmulqdq dtes64 monitor ds_cpl vmx smx est tm2 ssse3 sdbg fma cx16 xtpr pdcm pcid dca sse4_1 sse4_2 x2apic movbe popcnt tsc_deadline_timer aes xsave avx f16c rdrand lahf_lm abm epb invpcid_single ssbd ibrs ibpb stibp kaiser tpr_shadow vnmi flexpriority ept vpid fsgsbase tsc_adjust bmi1 avx2 smep bmi2 erms invpcid cqm xsaveopt cqm_llc cqm_occup_llc dtherm ida arat pln pts flush_l1d
bugs		: cpu_meltdown spectre_v1 spectre_v2 spec_store_bypass l1tf
bogomips	: 4795.91
clflush size	: 64
cache_alignment	: 64
address sizes	: 46 bits physical, 48 bits virtual
power management:

processor	: 22
vendor_id	: GenuineIntel
cpu family	: 6
model		: 63
model name	: Intel(R) Xeon(R) CPU E5-2630 v3 @ 2.40GHz
stepping	: 2
microcode	: 0x3d
cpu MHz		: 2399.906
cache size	: 20480 KB
physical id	: 0
siblings	: 16
core id		: 3
cpu cores	: 8
apicid		: 7
initial apicid	: 7
fpu		: yes
fpu_exception	: yes
cpuid level	: 15
wp		: yes
flags		: fpu vme de pse tsc msr pae mce cx8 apic sep mtrr pge mca cmov pat pse36 clflush dts acpi mmx fxsr sse sse2 ss ht tm pbe syscall nx pdpe1gb rdtscp lm constant_tsc arch_perfmon pebs bts rep_good nopl xtopology nonstop_tsc aperfmperf pni pclmulqdq dtes64 monitor ds_cpl vmx smx est tm2 ssse3 sdbg fma cx16 xtpr pdcm pcid dca sse4_1 sse4_2 x2apic movbe popcnt tsc_deadline_timer aes xsave avx f16c rdrand lahf_lm abm epb invpcid_single ssbd ibrs ibpb stibp kaiser tpr_shadow vnmi flexpriority ept vpid fsgsbase tsc_adjust bmi1 avx2 smep bmi2 erms invpcid cqm xsaveopt cqm_llc cqm_occup_llc dtherm ida arat pln pts flush_l1d
bugs		: cpu_meltdown spectre_v1 spectre_v2 spec_store_bypass l1tf
bogomips	: 4794.75
clflush size	: 64
cache_alignment	: 64
address sizes	: 46 bits physical, 48 bits virtual
power management:

processor	: 23
vendor_id	: GenuineIntel
cpu family	: 6
model		: 63
model name	: Intel(R) Xeon(R) CPU E5-2630 v3 @ 2.40GHz
stepping	: 2
microcode	: 0x3d
cpu MHz		: 2399.906
cache size	: 20480 KB
physical id	: 1
siblings	: 16
core id		: 3
cpu cores	: 8
apicid		: 23
initial apicid	: 23
fpu		: yes
fpu_exception	: yes
cpuid level	: 15
wp		: yes
flags		: fpu vme de pse tsc msr pae mce cx8 apic sep mtrr pge mca cmov pat pse36 clflush dts acpi mmx fxsr sse sse2 ss ht tm pbe syscall nx pdpe1gb rdtscp lm constant_tsc arch_perfmon pebs bts rep_good nopl xtopology nonstop_tsc aperfmperf pni pclmulqdq dtes64 monitor ds_cpl vmx smx est tm2 ssse3 sdbg fma cx16 xtpr pdcm pcid dca sse4_1 sse4_2 x2apic movbe popcnt tsc_deadline_timer aes xsave avx f16c rdrand lahf_lm abm epb invpcid_single ssbd ibrs ibpb stibp kaiser tpr_shadow vnmi flexpriority ept vpid fsgsbase tsc_adjust bmi1 avx2 smep bmi2 erms invpcid cqm xsaveopt cqm_llc cqm_occup_llc dtherm ida arat pln pts flush_l1d
bugs		: cpu_meltdown spectre_v1 spectre_v2 spec_store_bypass l1tf
bogomips	: 4795.91
clflush size	: 64
cache_alignment	: 64
address sizes	: 46 bits physical, 48 bits virtual
power management:

processor	: 24
vendor_id	: GenuineIntel
cpu family	: 6
model		: 63
model name	: Intel(R) Xeon(R) CPU E5-2630 v3 @ 2.40GHz
stepping	: 2
microcode	: 0x3d
cpu MHz		: 2599.968
cache size	: 20480 KB
physical id	: 0
siblings	: 16
core id		: 4
cpu cores	: 8
apicid		: 9
initial apicid	: 9
fpu		: yes
fpu_exception	: yes
cpuid level	: 15
wp		: yes
flags		: fpu vme de pse tsc msr pae mce cx8 apic sep mtrr pge mca cmov pat pse36 clflush dts acpi mmx fxsr sse sse2 ss ht tm pbe syscall nx pdpe1gb rdtscp lm constant_tsc arch_perfmon pebs bts rep_good nopl xtopology nonstop_tsc aperfmperf pni pclmulqdq dtes64 monitor ds_cpl vmx smx est tm2 ssse3 sdbg fma cx16 xtpr pdcm pcid dca sse4_1 sse4_2 x2apic movbe popcnt tsc_deadline_timer aes xsave avx f16c rdrand lahf_lm abm epb invpcid_single ssbd ibrs ibpb stibp kaiser tpr_shadow vnmi flexpriority ept vpid fsgsbase tsc_adjust bmi1 avx2 smep bmi2 erms invpcid cqm xsaveopt cqm_llc cqm_occup_llc dtherm ida arat pln pts flush_l1d
bugs		: cpu_meltdown spectre_v1 spectre_v2 spec_store_bypass l1tf
bogomips	: 4794.75
clflush size	: 64
cache_alignment	: 64
address sizes	: 46 bits physical, 48 bits virtual
power management:

processor	: 25
vendor_id	: GenuineIntel
cpu family	: 6
model		: 63
model name	: Intel(R) Xeon(R) CPU E5-2630 v3 @ 2.40GHz
stepping	: 2
microcode	: 0x3d
cpu MHz		: 2399.906
cache size	: 20480 KB
physical id	: 1
siblings	: 16
core id		: 4
cpu cores	: 8
apicid		: 25
initial apicid	: 25
fpu		: yes
fpu_exception	: yes
cpuid level	: 15
wp		: yes
flags		: fpu vme de pse tsc msr pae mce cx8 apic sep mtrr pge mca cmov pat pse36 clflush dts acpi mmx fxsr sse sse2 ss ht tm pbe syscall nx pdpe1gb rdtscp lm constant_tsc arch_perfmon pebs bts rep_good nopl xtopology nonstop_tsc aperfmperf pni pclmulqdq dtes64 monitor ds_cpl vmx smx est tm2 ssse3 sdbg fma cx16 xtpr pdcm pcid dca sse4_1 sse4_2 x2apic movbe popcnt tsc_deadline_timer aes xsave avx f16c rdrand lahf_lm abm epb invpcid_single ssbd ibrs ibpb stibp kaiser tpr_shadow vnmi flexpriority ept vpid fsgsbase tsc_adjust bmi1 avx2 smep bmi2 erms invpcid cqm xsaveopt cqm_llc cqm_occup_llc dtherm ida arat pln pts flush_l1d
bugs		: cpu_meltdown spectre_v1 spectre_v2 spec_store_bypass l1tf
bogomips	: 4795.91
clflush size	: 64
cache_alignment	: 64
address sizes	: 46 bits physical, 48 bits virtual
power management:

processor	: 26
vendor_id	: GenuineIntel
cpu family	: 6
model		: 63
model name	: Intel(R) Xeon(R) CPU E5-2630 v3 @ 2.40GHz
stepping	: 2
microcode	: 0x3d
cpu MHz		: 2400.000
cache size	: 20480 KB
physical id	: 0
siblings	: 16
core id		: 5
cpu cores	: 8
apicid		: 11
initial apicid	: 11
fpu		: yes
fpu_exception	: yes
cpuid level	: 15
wp		: yes
flags		: fpu vme de pse tsc msr pae mce cx8 apic sep mtrr pge mca cmov pat pse36 clflush dts acpi mmx fxsr sse sse2 ss ht tm pbe syscall nx pdpe1gb rdtscp lm constant_tsc arch_perfmon pebs bts rep_good nopl xtopology nonstop_tsc aperfmperf pni pclmulqdq dtes64 monitor ds_cpl vmx smx est tm2 ssse3 sdbg fma cx16 xtpr pdcm pcid dca sse4_1 sse4_2 x2apic movbe popcnt tsc_deadline_timer aes xsave avx f16c rdrand lahf_lm abm epb invpcid_single ssbd ibrs ibpb stibp kaiser tpr_shadow vnmi flexpriority ept vpid fsgsbase tsc_adjust bmi1 avx2 smep bmi2 erms invpcid cqm xsaveopt cqm_llc cqm_occup_llc dtherm ida arat pln pts flush_l1d
bugs		: cpu_meltdown spectre_v1 spectre_v2 spec_store_bypass l1tf
bogomips	: 4794.75
clflush size	: 64
cache_alignment	: 64
address sizes	: 46 bits physical, 48 bits virtual
power management:

processor	: 27
vendor_id	: GenuineIntel
cpu family	: 6
model		: 63
model name	: Intel(R) Xeon(R) CPU E5-2630 v3 @ 2.40GHz
stepping	: 2
microcode	: 0x3d
cpu MHz		: 2601.375
cache size	: 20480 KB
physical id	: 1
siblings	: 16
core id		: 5
cpu cores	: 8
apicid		: 27
initial apicid	: 27
fpu		: yes
fpu_exception	: yes
cpuid level	: 15
wp		: yes
flags		: fpu vme de pse tsc msr pae mce cx8 apic sep mtrr pge mca cmov pat pse36 clflush dts acpi mmx fxsr sse sse2 ss ht tm pbe syscall nx pdpe1gb rdtscp lm constant_tsc arch_perfmon pebs bts rep_good nopl xtopology nonstop_tsc aperfmperf pni pclmulqdq dtes64 monitor ds_cpl vmx smx est tm2 ssse3 sdbg fma cx16 xtpr pdcm pcid dca sse4_1 sse4_2 x2apic movbe popcnt tsc_deadline_timer aes xsave avx f16c rdrand lahf_lm abm epb invpcid_single ssbd ibrs ibpb stibp kaiser tpr_shadow vnmi flexpriority ept vpid fsgsbase tsc_adjust bmi1 avx2 smep bmi2 erms invpcid cqm xsaveopt cqm_llc cqm_occup_llc dtherm ida arat pln pts flush_l1d
bugs		: cpu_meltdown spectre_v1 spectre_v2 spec_store_bypass l1tf
bogomips	: 4795.91
clflush size	: 64
cache_alignment	: 64
address sizes	: 46 bits physical, 48 bits virtual
power management:

processor	: 28
vendor_id	: GenuineIntel
cpu family	: 6
model		: 63
model name	: Intel(R) Xeon(R) CPU E5-2630 v3 @ 2.40GHz
stepping	: 2
microcode	: 0x3d
cpu MHz		: 2599.968
cache size	: 20480 KB
physical id	: 0
siblings	: 16
core id		: 6
cpu cores	: 8
apicid		: 13
initial apicid	: 13
fpu		: yes
fpu_exception	: yes
cpuid level	: 15
wp		: yes
flags		: fpu vme de pse tsc msr pae mce cx8 apic sep mtrr pge mca cmov pat pse36 clflush dts acpi mmx fxsr sse sse2 ss ht tm pbe syscall nx pdpe1gb rdtscp lm constant_tsc arch_perfmon pebs bts rep_good nopl xtopology nonstop_tsc aperfmperf pni pclmulqdq dtes64 monitor ds_cpl vmx smx est tm2 ssse3 sdbg fma cx16 xtpr pdcm pcid dca sse4_1 sse4_2 x2apic movbe popcnt tsc_deadline_timer aes xsave avx f16c rdrand lahf_lm abm epb invpcid_single ssbd ibrs ibpb stibp kaiser tpr_shadow vnmi flexpriority ept vpid fsgsbase tsc_adjust bmi1 avx2 smep bmi2 erms invpcid cqm xsaveopt cqm_llc cqm_occup_llc dtherm ida arat pln pts flush_l1d
bugs		: cpu_meltdown spectre_v1 spectre_v2 spec_store_bypass l1tf
bogomips	: 4794.75
clflush size	: 64
cache_alignment	: 64
address sizes	: 46 bits physical, 48 bits virtual
power management:

processor	: 29
vendor_id	: GenuineIntel
cpu family	: 6
model		: 63
model name	: Intel(R) Xeon(R) CPU E5-2630 v3 @ 2.40GHz
stepping	: 2
microcode	: 0x3d
cpu MHz		: 2399.906
cache size	: 20480 KB
physical id	: 1
siblings	: 16
core id		: 6
cpu cores	: 8
apicid		: 29
initial apicid	: 29
fpu		: yes
fpu_exception	: yes
cpuid level	: 15
wp		: yes
flags		: fpu vme de pse tsc msr pae mce cx8 apic sep mtrr pge mca cmov pat pse36 clflush dts acpi mmx fxsr sse sse2 ss ht tm pbe syscall nx pdpe1gb rdtscp lm constant_tsc arch_perfmon pebs bts rep_good nopl xtopology nonstop_tsc aperfmperf pni pclmulqdq dtes64 monitor ds_cpl vmx smx est tm2 ssse3 sdbg fma cx16 xtpr pdcm pcid dca sse4_1 sse4_2 x2apic movbe popcnt tsc_deadline_timer aes xsave avx f16c rdrand lahf_lm abm epb invpcid_single ssbd ibrs ibpb stibp kaiser tpr_shadow vnmi flexpriority ept vpid fsgsbase tsc_adjust bmi1 avx2 smep bmi2 erms invpcid cqm xsaveopt cqm_llc cqm_occup_llc dtherm ida arat pln pts flush_l1d
bugs		: cpu_meltdown spectre_v1 spectre_v2 spec_store_bypass l1tf
bogomips	: 4795.91
clflush size	: 64
cache_alignment	: 64
address sizes	: 46 bits physical, 48 bits virtual
power management:

processor	: 30
vendor_id	: GenuineIntel
cpu family	: 6
model		: 63
model name	: Intel(R) Xeon(R) CPU E5-2630 v3 @ 2.40GHz
stepping	: 2
microcode	: 0x3d
cpu MHz		: 2400.000
cache size	: 20480 KB
physical id	: 0
siblings	: 16
core id		: 7
cpu cores	: 8
apicid		: 15
initial apicid	: 15
fpu		: yes
fpu_exception	: yes
cpuid level	: 15
wp		: yes
flags		: fpu vme de pse tsc msr pae mce cx8 apic sep mtrr pge mca cmov pat pse36 clflush dts acpi mmx fxsr sse sse2 ss ht tm pbe syscall nx pdpe1gb rdtscp lm constant_tsc arch_perfmon pebs bts rep_good nopl xtopology nonstop_tsc aperfmperf pni pclmulqdq dtes64 monitor ds_cpl vmx smx est tm2 ssse3 sdbg fma cx16 xtpr pdcm pcid dca sse4_1 sse4_2 x2apic movbe popcnt tsc_deadline_timer aes xsave avx f16c rdrand lahf_lm abm epb invpcid_single ssbd ibrs ibpb stibp kaiser tpr_shadow vnmi flexpriority ept vpid fsgsbase tsc_adjust bmi1 avx2 smep bmi2 erms invpcid cqm xsaveopt cqm_llc cqm_occup_llc dtherm ida arat pln pts flush_l1d
bugs		: cpu_meltdown spectre_v1 spectre_v2 spec_store_bypass l1tf
bogomips	: 4794.75
clflush size	: 64
cache_alignment	: 64
address sizes	: 46 bits physical, 48 bits virtual
power management:

processor	: 31
vendor_id	: GenuineIntel
cpu family	: 6
model		: 63
model name	: Intel(R) Xeon(R) CPU E5-2630 v3 @ 2.40GHz
stepping	: 2
microcode	: 0x3d
cpu MHz		: 2400.000
cache size	: 20480 KB
physical id	: 1
siblings	: 16
core id		: 7
cpu cores	: 8
apicid		: 31
initial apicid	: 31
fpu		: yes
fpu_exception	: yes
cpuid level	: 15
wp		: yes
flags		: fpu vme de pse tsc msr pae mce cx8 apic sep mtrr pge mca cmov pat pse36 clflush dts acpi mmx fxsr sse sse2 ss ht tm pbe syscall nx pdpe1gb rdtscp lm constant_tsc arch_perfmon pebs bts rep_good nopl xtopology nonstop_tsc aperfmperf pni pclmulqdq dtes64 monitor ds_cpl vmx smx est tm2 ssse3 sdbg fma cx16 xtpr pdcm pcid dca sse4_1 sse4_2 x2apic movbe popcnt tsc_deadline_timer aes xsave avx f16c rdrand lahf_lm abm epb invpcid_single ssbd ibrs ibpb stibp kaiser tpr_shadow vnmi flexpriority ept vpid fsgsbase tsc_adjust bmi1 avx2 smep bmi2 erms invpcid cqm xsaveopt cqm_llc cqm_occup_llc dtherm ida arat pln pts flush_l1d
bugs		: cpu_meltdown spectre_v1 spectre_v2 spec_store_bypass l1tf
bogomips	: 4795.91
clflush size	: 64
cache_alignment	: 64
address sizes	: 46 bits physical, 48 bits virtual
power management:



Memory: 4k page, physical 65724292k(59114748k free), swap 3145724k(3145724k free)

vm_info: OpenJDK 64-Bit Server VM (25.191-b12) for linux-amd64 JRE (1.8.0_191-8u191-b12-0ubuntu0.16.04.1-b12), built on Nov 20 2018 15:24:40 by "buildd" with gcc 5.4.0 20160609

time: Wed Jan 16 22:13:03 2019
elapsed time: 0 seconds (0d 0h 0m 0s)

